[20:35:59] [main/WARN]: Ambiguity between arguments [teleport, destination] and [teleport, targets] with inputs: [Player, 0123, @e, dd12be42-52a9-4a91-a8a1-11c01849e498]
[20:35:59] [main/WARN]: Ambiguity between arguments [teleport, location] and [teleport, destination] with inputs: [0.1 -0.5 .9, 0 0 0]
[20:35:59] [main/WARN]: Ambiguity between arguments [teleport, location] and [teleport, targets] with inputs: [0.1 -0.5 .9, 0 0 0]
[20:35:59] [main/WARN]: Ambiguity between arguments [teleport, targets] and [teleport, destination] with inputs: [Player, 0123, dd12be42-52a9-4a91-a8a1-11c01849e498]
[20:35:59] [main/WARN]: Ambiguity between arguments [teleport, targets, location] and [teleport, targets, destination] with inputs: [0.1 -0.5 .9, 0 0 0]
[20:36:00] [Server thread/INFO]: Starting minecraft server version 1.14.4
[20:36:00] [Server thread/INFO]: Loading properties
[20:36:00] [Server thread/INFO]: Default game type: SURVIVAL
[20:36:00] [Server thread/INFO]: Generating keypair
[20:36:00] [Server thread/INFO]: Starting Minecraft server on *:25565
[20:36:00] [Server thread/INFO]: Using default channel type
[20:36:04] [Server thread/INFO]: Preparing level "world"
[20:36:04] [Server thread/INFO]: Reloading ResourceManager: Default
[20:36:05] [Server thread/INFO]: Loaded 6 recipes
[20:36:05] [Server thread/INFO]: Loaded 811 advancements
[20:36:06] [Server thread/INFO]: Preparing start region for dimension minecraft:overworld
[20:36:07] [Server thread/INFO]: Preparing spawn area: 0%
[20:36:07] [Server thread/INFO]: Preparing spawn area: 0%
[20:36:07] [Server thread/INFO]: Preparing spawn area: 0%
[20:36:07] [Server thread/INFO]: Preparing spawn area: 0%
[20:36:08] [Server thread/INFO]: Time elapsed: 2042 ms
[20:36:08] [Server thread/INFO]: Done (3.409s)! For help, type "help"
[20:36:51] [User Authenticator #1/INFO]: UUID of player jeroentrachet is 94e36829-b1e0-4b5e-96ec-d108422a5da9
[20:36:51] [User Authenticator #2/INFO]: UUID of player OneTrueKill is 610ce283-3b23-4fc0-95f2-4b47281e950f
[20:36:52] [Server thread/INFO]: jeroentrachet[/2620:9b:0:0:0:0:1938:d269:58798] logged in with entity id 301 at (285.12395123958163, 63.0, -85.03114830276596)
[20:36:52] [Server thread/INFO]: jeroentrachet joined the game
[20:36:53] [Server thread/INFO]: OneTrueKill[/2620:9b:0:0:0:0:1930:a0f5:51110] logged in with entity id 302 at (277.21028090766407, 59.0, -83.93740698430145)
[20:36:53] [Server thread/INFO]: OneTrueKill joined the game
[20:36:53] [Server thread/WARN]: Can't keep up! Is the server overloaded? Running 2009ms or 40 ticks behind
[20:36:55] [User Authenticator #4/INFO]: UUID of player Aaroneke1 is 9378c3b4-4e25-40e6-b633-1d3099293ac3
[20:36:56] [User Authenticator #3/INFO]: UUID of player Fretbeirke is c8981680-7d58-440b-adc4-c887d9e9ef86
[20:36:56] [Server thread/INFO]: Aaroneke1[/25.73.254.153:50516] logged in with entity id 339 at (254.083279793151, 63.0, -74.79019485235752)
[20:36:56] [Server thread/INFO]: Aaroneke1 joined the game
[20:36:57] [Server thread/INFO]: Fretbeirke[/25.46.230.124:62435] logged in with entity id 340 at (277.8322861714445, 47.0, -79.49089240928515)
[20:36:57] [Server thread/INFO]: Fretbeirke joined the game
[20:36:59] [User Authenticator #5/INFO]: UUID of player GodofThunderr is 6df934b3-633e-4e9e-a5f2-795ec8e5482f
[20:37:00] [Server thread/INFO]: GodofThunderr[/25.68.132.173:54028] logged in with entity id 369 at (235.93387714958521, 63.0, -85.9991613203878)
[20:37:00] [Server thread/INFO]: GodofThunderr joined the game
[20:37:14] [Server thread/WARN]: jeroentrachet moved too quickly! -10.22376876730931,-1.2491870787446828,0.6414652349931629
[20:37:23] [Server thread/WARN]: Can't keep up! Is the server overloaded? Running 14665ms or 293 ticks behind
[20:37:24] [Server thread/WARN]: jeroentrachet moved too quickly! 10.136851646253149,0.49520087700592086,1.0504224566026608
[20:37:47] [Server thread/WARN]: Fretbeirke moved too quickly! 0.12734811206985341,10.525101706951403,0.0
[20:37:48] [Server thread/WARN]: GodofThunderr moved too quickly! 9.955458786173722,-0.7531999805212024,-2.0616119960393746
[20:37:56] [Server thread/WARN]: Can't keep up! Is the server overloaded? Running 18324ms or 366 ticks behind
[20:37:57] [Server thread/INFO]: OneTrueKill lost connection: Disconnected
[20:37:57] [Server thread/INFO]: OneTrueKill left the game
[20:37:58] [Server thread/WARN]: GodofThunderr moved too quickly! -6.797712453997917,1.0,7.536344229954423
[20:38:20] [Server thread/WARN]: GodofThunderr moved too quickly! -3.3038919628205576,-1.252203340253729,9.477149756672702
[20:38:41] [Server thread/INFO]: com.mojang.authlib.GameProfile@40243211[id=<null>,name=Walloonator,properties={},legacy=false] (/2620:9b:0:0:0:0:191f:acb6:64161) lost connection: Disconnected
[20:38:47] [Server thread/INFO]: Aaroneke1 has made the advancement [Enchanter]
[20:38:50] [User Authenticator #6/INFO]: UUID of player Walloonator is 93b3b92f-d98f-43ae-a694-6b9468d7ecb6
[20:38:50] [Server thread/INFO]: Walloonator[/2620:9b:0:0:0:0:191f:acb6:64238] logged in with entity id 556 at (264.81897822697397, 63.0, -98.24311166611855)
[20:38:51] [Server thread/INFO]: Walloonator joined the game
[20:38:55] [Server thread/WARN]: Can't keep up! Is the server overloaded? Running 2353ms or 47 ticks behind
[20:39:06] [Server thread/INFO]: Walloonator lost connection: Disconnected
[20:39:06] [Server thread/INFO]: Walloonator left the game
[20:39:07] [Server thread/WARN]: handleDisconnection() called twice
[20:39:14] [Server thread/WARN]: Can't keep up! Is the server overloaded? Running 4579ms or 91 ticks behind
[20:39:44] [Server thread/INFO]: com.mojang.authlib.GameProfile@3e6af91e[id=<null>,name=Walloonator,properties={},legacy=false] (/2620:9b:0:0:0:0:191f:acb6:64295) lost connection: Disconnected
[20:39:50] [Server thread/WARN]: Fetching packet for removed entity atx['Air'/674, l='world', x=251.42, y=60.00, z=-120.69]
[20:39:50] [Server thread/WARN]: Fetching packet for removed entity atx['Air'/674, l='world', x=251.42, y=60.00, z=-120.69]
[20:39:50] [Server thread/WARN]: Fetching packet for removed entity atx['Air'/674, l='world', x=251.42, y=60.00, z=-120.69]
[20:39:50] [Server thread/WARN]: Fetching packet for removed entity atx['Air'/674, l='world', x=251.42, y=60.00, z=-120.69]
[20:39:53] [User Authenticator #7/INFO]: UUID of player Walloonator is 93b3b92f-d98f-43ae-a694-6b9468d7ecb6
[20:39:54] [Server thread/INFO]: Walloonator[/2620:9b:0:0:0:0:191f:acb6:64374] logged in with entity id 676 at (264.81897822697397, 63.0, -98.24311166611855)
[20:39:54] [Server thread/INFO]: Walloonator joined the game
[20:39:58] [Server thread/WARN]: Can't keep up! Is the server overloaded? Running 2231ms or 44 ticks behind
[20:40:03] [Server thread/WARN]: Fretbeirke moved too quickly! -7.456968453673937,-0.41290928041701136,6.691958070429138
[20:40:03] [Server thread/WARN]: GodofThunderr moved too quickly! 0.0,-10.045000146627473,0.0
[20:40:03] [Server thread/WARN]: Aaroneke1 moved too quickly! -8.868394510841824,0.0,5.019893046077399
[20:40:18] [Server thread/WARN]: Can't keep up! Is the server overloaded? Running 2039ms or 40 ticks behind
[20:40:28] [Server thread/WARN]: Aaroneke1 moved wrongly!
[20:40:32] [Server thread/INFO]: [Walloonator: Gave 15 experience levels to Fretbeirke]
[20:40:36] [Server thread/WARN]: Can't keep up! Is the server overloaded? Running 2014ms or 40 ticks behind
[20:40:54] [Server thread/WARN]: Can't keep up! Is the server overloaded? Running 2102ms or 42 ticks behind
[20:41:27] [Server thread/INFO]: [Walloonator: Gave 10 [Eye of Ender] to jeroentrachet]
[20:41:51] [Server thread/WARN]: GodofThunderr moved too quickly! -0.35699333147820766,0.0,-10.152490314378795
[20:42:01] [Server thread/WARN]: Can't keep up! Is the server overloaded? Running 3506ms or 70 ticks behind
[20:42:14] [Server thread/WARN]: Fretbeirke moved too quickly! 9.986860269942667,0.0,0.5759814921889017
[20:42:56] [Server thread/WARN]: jeroentrachet moved too quickly! -8.271469771765851,0.0,5.88883055463522
[20:42:57] [Server thread/WARN]: Fretbeirke moved too quickly! 2.653988710809358,0.0,-9.64220120953344
[20:43:19] [Server thread/WARN]: GodofThunderr moved too quickly! 5.16844107528982,7.840001097437984,-4.50007159894659
[20:43:42] [Server thread/INFO]: [Walloonator: Gave 1 [Diamond Axe] to Fretbeirke]
[20:43:56] [Server thread/INFO]: [Walloonator: Set Fretbeirke's game mode to Creative Mode]
[20:46:13] [Server thread/INFO]: GodofThunderr lost connection: Disconnected
[20:46:13] [Server thread/INFO]: GodofThunderr left the game
[20:47:06] [Server thread/WARN]: Fretbeirke moved too quickly! 9.751053921433964,0.0,-3.161012918832668
[20:47:06] [Server thread/WARN]: Aaroneke1 moved too quickly! -8.4507124232765,3.0,4.831753515756674
[20:47:06] [Server thread/WARN]: jeroentrachet moved too quickly! -1.8941036972311736,0.8888290022807226,9.82979049573325
[20:47:06] [Server thread/WARN]: Can't keep up! Is the server overloaded? Running 4588ms or 91 ticks behind
[20:47:20] [Server thread/INFO]: [Walloonator: Set Fretbeirke's game mode to Survival Mode]
[20:47:41] [Server thread/INFO]: Walloonator lost connection: Disconnected
[20:47:41] [Server thread/INFO]: Walloonator left the game
[20:49:15] [Server thread/WARN]: Can't keep up! Is the server overloaded? Running 2007ms or 40 ticks behind
[20:51:30] [Server thread/WARN]: Can't keep up! Is the server overloaded? Running 2210ms or 44 ticks behind
[20:51:51] [Server thread/WARN]: Can't keep up! Is the server overloaded? Running 5462ms or 109 ticks behind
[20:52:12] [Server thread/WARN]: Can't keep up! Is the server overloaded? Running 5611ms or 112 ticks behind
[20:52:39] [Server thread/WARN]: Aaroneke1 moved too quickly! 6.282707368400111,1.84766481314945,7.660746132370036
[20:52:39] [Server thread/WARN]: jeroentrachet moved too quickly! -7.931541251398471,1.4199999868869781,6.175738306835228
[20:52:45] [Server thread/WARN]: Can't keep up! Is the server overloaded? Running 18798ms or 375 ticks behind
[20:53:11] [Server thread/WARN]: Can't keep up! Is the server overloaded? Running 2012ms or 40 ticks behind
[20:53:37] [Server thread/WARN]: Can't keep up! Is the server overloaded? Running 10757ms or 215 ticks behind
[20:54:07] [Server thread/WARN]: Can't keep up! Is the server overloaded? Running 15334ms or 306 ticks behind
[20:54:38] [Server thread/WARN]: Can't keep up! Is the server overloaded? Running 15718ms or 314 ticks behind
[20:55:07] [Server thread/WARN]: Can't keep up! Is the server overloaded? Running 14088ms or 281 ticks behind
[20:55:24] [Server thread/INFO]: Aaroneke1 has made the advancement [Eye Spy]
[20:55:39] [Server thread/WARN]: Can't keep up! Is the server overloaded? Running 17794ms or 355 ticks behind
[20:56:05] [Server thread/WARN]: Can't keep up! Is the server overloaded? Running 10620ms or 212 ticks behind
[20:56:29] [Server thread/WARN]: Can't keep up! Is the server overloaded? Running 2019ms or 40 ticks behind
[20:56:46] [Server thread/WARN]: Can't keep up! Is the server overloaded? Running 2365ms or 47 ticks behind
[20:56:51] [Server thread/INFO]: Aaroneke1 has made the advancement [The End?]
[20:56:51] [Server thread/WARN]: Aaroneke1 moved too quickly! 1026.8272319335879,3.233632006042477,-1279.6096880618602
[20:56:57] [Server thread/INFO]: Scanning for legacy world dragon fight...
[20:56:57] [Server thread/INFO]: Found that the dragon has not yet been killed in this world.
[20:57:19] [Server thread/WARN]: Can't keep up! Is the server overloaded? Running 17722ms or 354 ticks behind
[20:57:23] [Server thread/INFO]: jeroentrachet has made the advancement [The End?]
[20:57:24] [Server thread/WARN]: jeroentrachet moved too quickly! 1027.3527764662854,3.464159374955443,-1279.5891541515296
[20:57:45] [Server thread/WARN]: Can't keep up! Is the server overloaded? Running 10603ms or 212 ticks behind
[20:58:09] [Server thread/WARN]: Can't keep up! Is the server overloaded? Running 9106ms or 182 ticks behind
[20:58:31] [Server thread/WARN]: Can't keep up! Is the server overloaded? Running 7188ms or 143 ticks behind
[20:58:50] [Server thread/WARN]: Can't keep up! Is the server overloaded? Running 4159ms or 83 ticks behind
[20:59:10] [Server thread/WARN]: Can't keep up! Is the server overloaded? Running 4722ms or 94 ticks behind
[20:59:35] [Server thread/WARN]: Can't keep up! Is the server overloaded? Running 10526ms or 210 ticks behind
[20:59:56] [Server thread/WARN]: Can't keep up! Is the server overloaded? Running 5351ms or 107 ticks behind
[21:00:17] [Server thread/WARN]: Can't keep up! Is the server overloaded? Running 6245ms or 124 ticks behind
[21:00:38] [Server thread/WARN]: Aaroneke1 moved too quickly! -8.665078341981197,0.5800000131130219,5.034443728925105
[21:00:38] [Server thread/WARN]: Fretbeirke moved too quickly! -3.2729706539157633,1.0,-9.455604691027474
[21:00:38] [Server thread/WARN]: jeroentrachet moved too quickly! -9.305551787788211,1.0,3.9572467344463647
[21:00:53] [Server thread/WARN]: Can't keep up! Is the server overloaded? Running 21049ms or 420 ticks behind
[21:01:16] [Server thread/WARN]: Can't keep up! Is the server overloaded? Running 8164ms or 163 ticks behind
[21:01:42] [Server thread/WARN]: Can't keep up! Is the server overloaded? Running 11167ms or 223 ticks behind
[21:02:05] [Server thread/WARN]: Can't keep up! Is the server overloaded? Running 8361ms or 167 ticks behind
[21:02:36] [Server thread/WARN]: Can't keep up! Is the server overloaded? Running 2007ms or 40 ticks behind
[21:03:00] [Server thread/WARN]: Can't keep up! Is the server overloaded? Running 2202ms or 44 ticks behind
[21:03:18] [Server thread/WARN]: Can't keep up! Is the server overloaded? Running 2366ms or 47 ticks behind
[21:03:39] [Server thread/WARN]: Can't keep up! Is the server overloaded? Running 2002ms or 40 ticks behind
[21:04:01] [Server thread/WARN]: Can't keep up! Is the server overloaded? Running 7036ms or 140 ticks behind
[21:04:03] [Server thread/INFO]: jeroentrachet was slain by Enderman
[21:04:28] [Server thread/WARN]: Can't keep up! Is the server overloaded? Running 11289ms or 225 ticks behind
[21:05:00] [Server thread/WARN]: Can't keep up! Is the server overloaded? Running 17536ms or 350 ticks behind
[21:05:33] [Server thread/WARN]: Can't keep up! Is the server overloaded? Running 18153ms or 363 ticks behind
[21:05:55] [Server thread/WARN]: Can't keep up! Is the server overloaded? Running 7106ms or 142 ticks behind
[21:06:13] [Server thread/WARN]: Can't keep up! Is the server overloaded? Running 2063ms or 41 ticks behind
[21:06:30] [Server thread/INFO]: Fretbeirke has made the advancement [Eye Spy]
[21:06:34] [Server thread/WARN]: Can't keep up! Is the server overloaded? Running 6044ms or 120 ticks behind
[21:07:15] [Server thread/WARN]: Can't keep up! Is the server overloaded? Running 2003ms or 40 ticks behind
[21:07:37] [Server thread/WARN]: Can't keep up! Is the server overloaded? Running 6862ms or 137 ticks behind
[21:07:58] [Server thread/WARN]: jeroentrachet moved too quickly! -6.392703443081928,0.0,-7.70441693655539
[21:07:58] [Server thread/WARN]: Fretbeirke moved too quickly! -0.9203884468657861,9.466664146772814,-3.147863770875574
[21:08:18] [Server thread/WARN]: Can't keep up! Is the server overloaded? Running 26410ms or 528 ticks behind
[21:08:19] [Server thread/INFO]: Aaroneke1 fell from a high place
[21:08:46] [Server thread/WARN]: Can't keep up! Is the server overloaded? Running 12938ms or 258 ticks behind
[21:09:06] [Server thread/WARN]: Can't keep up! Is the server overloaded? Running 4752ms or 95 ticks behind
[21:09:14] [Server thread/INFO]: Aaroneke1 lost connection: Disconnected
[21:09:14] [Server thread/INFO]: Aaroneke1 left the game
[21:09:28] [Server thread/WARN]: Can't keep up! Is the server overloaded? Running 7339ms or 146 ticks behind
[21:09:50] [Server thread/WARN]: Can't keep up! Is the server overloaded? Running 7360ms or 147 ticks behind
[21:10:15] [Server thread/WARN]: Can't keep up! Is the server overloaded? Running 10117ms or 202 ticks behind
[21:10:36] [Server thread/WARN]: Can't keep up! Is the server overloaded? Running 5381ms or 107 ticks behind
[21:10:57] [Server thread/INFO]: jeroentrachet lost connection: Disconnected
[21:10:57] [Server thread/INFO]: jeroentrachet left the game
[21:11:00] [Server thread/WARN]: Can't keep up! Is the server overloaded? Running 9304ms or 186 ticks behind
[21:11:39] [Server thread/WARN]: Can't keep up! Is the server overloaded? Running 2105ms or 42 ticks behind
[21:11:49] [Server thread/INFO]: Fretbeirke lost connection: Disconnected
[21:11:49] [Server thread/INFO]: Fretbeirke left the game
[21:12:48] [Server thread/INFO]: Stopping the server
[21:12:48] [Server thread/INFO]: Stopping server
[21:12:48] [Server thread/INFO]: Saving players
[21:12:48] [Server thread/INFO]: Saving worlds
[21:12:48] [Server thread/INFO]: Saving chunks for level 'world'/minecraft:overworld
[21:12:51] [Server thread/INFO]: ThreadedAnvilChunkStorage (world): All chunks are saved
[21:12:51] [Server thread/INFO]: Saving chunks for level 'world'/minecraft:the_end
[21:12:51] [Server thread/INFO]: ThreadedAnvilChunkStorage (DIM1): All chunks are saved
[21:12:51] [Server thread/INFO]: Saving chunks for level 'world'/minecraft:the_nether
[21:12:51] [Server thread/INFO]: ThreadedAnvilChunkStorage (DIM-1): All chunks are saved
[21:12:51] [Server thread/INFO]: ThreadedAnvilChunkStorage (world): All chunks are saved
[21:12:51] [Server thread/INFO]: ThreadedAnvilChunkStorage (DIM1): All chunks are saved
[21:12:51] [Server thread/INFO]: ThreadedAnvilChunkStorage (DIM-1): All chunks are saved
